[2024-04-22 04:03:03] - create model...
[2024-04-22 04:03:04] - Epoch: 0
[2024-04-22 04:03:04] - training...
[2024-04-22 04:03:57] - create model...
[2024-04-22 04:03:59] - Epoch: 0
[2024-04-22 04:03:59] - training...
[2024-04-22 04:09:20] - create model...
[2024-04-22 04:09:24] - Epoch: 0
[2024-04-22 04:09:24] - training...
[2024-04-22 04:10:47] - create model...
[2024-04-22 04:10:48] - Epoch: 0
[2024-04-22 04:10:48] - training...
[2024-04-22 11:42:53] - create model...
[2024-04-22 11:42:54] - Epoch: 0
[2024-04-22 11:42:54] - training...
[2024-04-22 11:44:32] - create model...
[2024-04-22 11:44:33] - Epoch: 0
[2024-04-22 11:44:33] - training...
[2024-04-22 11:47:13] - create model...
[2024-04-22 11:47:14] - Epoch: 0
[2024-04-22 11:47:14] - training...
[2024-04-22 11:58:16] - create model...
[2024-04-22 11:58:17] - Epoch: 0
[2024-04-22 11:58:17] - training...
[2024-04-22 12:16:52] - create model...
[2024-04-22 12:16:55] - Epoch: 0
[2024-04-22 12:16:55] - training...
[2024-04-22 12:19:09] - create model...
[2024-04-22 12:19:31] - Epoch: 0
[2024-04-22 12:19:32] - training...
[2024-04-22 12:26:07] - create model...
[2024-04-22 12:26:08] - Epoch: 0
[2024-04-22 12:26:08] - training...
[2024-04-22 12:30:56] - create model...
[2024-04-22 12:30:59] - Epoch: 0
[2024-04-22 12:30:59] - training...
[2024-04-22 12:34:51] - create model...
[2024-04-22 12:34:52] - Epoch: 0
[2024-04-22 12:34:52] - training...
[2024-04-22 12:47:38] - create model...
[2024-04-22 12:47:39] - Epoch: 0
[2024-04-22 12:47:39] - training...
[2024-04-22 12:52:55] - create model...
[2024-04-22 12:52:56] - Epoch: 0
[2024-04-22 12:52:56] - training...
[2024-04-22 12:53:39] - create model...
[2024-04-22 12:53:40] - Epoch: 0
[2024-04-22 12:53:40] - training...
[2024-04-22 16:34:03] - create model...
[2024-04-22 16:34:05] - Epoch: 0
[2024-04-22 16:34:05] - training...
[2024-04-22 16:44:29] - create model...
[2024-04-22 16:44:30] - Epoch: 0
[2024-04-22 16:44:30] - training...
[2024-04-22 16:55:36] - create model...
[2024-04-22 16:55:38] - Epoch: 0
[2024-04-22 16:55:38] - training...
[2024-04-22 17:46:07] - create model...
[2024-04-22 17:46:08] - Epoch: 0
[2024-04-22 17:46:08] - training...
[2024-04-22 17:52:23] - create model...
[2024-04-22 17:52:23] - Epoch: 0
[2024-04-22 17:52:23] - training...
[2024-04-22 18:02:13] - create model...
[2024-04-22 18:02:15] - Epoch: 0
[2024-04-22 18:02:15] - training...
[2024-04-22 18:08:41] - create model...
[2024-04-22 18:08:43] - Epoch: 0
[2024-04-22 18:08:43] - training...
[2024-04-22 18:12:17] - create model...
[2024-04-22 18:12:38] - create model...
[2024-04-22 18:12:39] - Epoch: 0
[2024-04-22 18:12:39] - training...
[2024-04-22 18:13:00] - [1.73238151 0.34308129 2.77860048] 0.260405971180825
[2024-04-22 18:13:00] - evaluating...
[2024-04-22 18:14:29] - create model...
[2024-04-22 18:14:29] - Epoch: 0
[2024-04-22 18:14:29] - training...
[2024-04-22 18:14:50] - [1.73238151 0.34308129 2.77860048] 0.260405971180825
[2024-04-22 18:14:50] - evaluating...
